#
# A fatal error has been detected by the Java Runtime Environment:
#
#  SIGSEGV (0xb) at pc=0xb7707f82, pid=8400, tid=1856338752
#
# JRE version: 6.0_30-b12
# Java VM: Java HotSpot(TM) Server VM (20.5-b03 mixed mode linux-x86 )
# Problematic frame:
# C  [libc.so.6+0x138f82]  __float128+0x8ad2
#
# If you would like to submit a bug report, please visit:
#   http://java.sun.com/webapps/bugreport/crash.jsp
# The crash happened outside the Java Virtual Machine in native code.
# See problematic frame for where to report the bug.
#

---------------  T H R E A D  ---------------

Current thread (0x6efc4400):  JavaThread "pool-2-thread-1" [_thread_in_native, id=8427, stack(0x6ea07000,0x6ea58000)]

siginfo:si_signo=SIGSEGV: si_errno=0, si_code=2 (SEGV_ACCERR), si_addr=0x715ff000

Registers:
EAX=0x715fefa9, EBX=0xb7774ff4, ECX=0xfff3e9c6, EDX=0x715fefb0
ESP=0x6ea55248, EBP=0x00000001, ESI=0x00000118, EDI=0x71539d8c
EIP=0xb7707f82, EFLAGS=0x00210286, CR2=0x715ff000

Top of Stack: (sp=0x6ea55248)
0x6ea55248:   70287d88 7026b7d8 7153da18 7153da11
0x6ea55258:   ffffffde 70254992 00000000 00000000
0x6ea55268:   00000000 70287d88 00000007 00000000
0x6ea55278:   00000111 7026bba6 00000111 00000008
0x6ea55288:   00000000 7026be90 71539d8c 00000008
0x6ea55298:   00000000 70287d88 6ea553c8 6ea55490
0x6ea552a8:   00000001 70254b1e 71539d8c 00000111
0x6ea552b8:   00000007 00000000 00000000 00000000 

Instructions: (pc=0xb7707f82)
0xb7707f62:   5e 8d 89 70 ff ff ff 5f f3 0f 6f 00 f3 0f 6f 48
0xb7707f72:   10 f3 0f 6f 50 20 f3 0f 6f 58 30 f3 0f 6f 60 40
0xb7707f82:   f3 0f 6f 68 50 f3 0f 6f 70 60 f3 0f 6f 78 70 8d
0xb7707f92:   80 80 00 00 00 81 e9 80 00 00 00 66 0f e7 02 66 

Register to memory mapping:

EAX=
[error occurred during error reporting (printing register info), id 0xb]

Stack: [0x6ea07000,0x6ea58000],  sp=0x6ea55248,  free space=312k
Native frames: (J=compiled Java code, j=interpreted, Vv=VM code, C=native code)
C  [libc.so.6+0x138f82]  __float128+0x8ad2

Java frames: (J=compiled Java code, j=interpreted, Vv=VM code)
j  sun.net.spi.DefaultProxySelector.getSystemProxy(Ljava/lang/String;Ljava/lang/String;)Ljava/net/Proxy;+0
j  sun.net.spi.DefaultProxySelector.access$100(Lsun/net/spi/DefaultProxySelector;Ljava/lang/String;Ljava/lang/String;)Ljava/net/Proxy;+3
j  sun.net.spi.DefaultProxySelector$3.run()Ljava/lang/Object;+151
v  ~StubRoutines::call_stub
j  java.security.AccessController.doPrivileged(Ljava/security/PrivilegedAction;)Ljava/lang/Object;+0
j  sun.net.spi.DefaultProxySelector.select(Ljava/net/URI;)Ljava/util/List;+316
j  java.net.SocksSocketImpl.connect(Ljava/net/SocketAddress;I)V+260
j  java.net.Socket.connect(Ljava/net/SocketAddress;I)V+179
j  java.net.Socket.connect(Ljava/net/SocketAddress;)V+3
j  sun.net.NetworkClient.doConnect(Ljava/lang/String;I)Ljava/net/Socket;+140
j  sun.net.www.http.HttpClient.openServer(Ljava/lang/String;I)V+4
j  sun.net.www.http.HttpClient.openServer()V+157
j  sun.net.www.http.HttpClient.<init>(Ljava/net/URL;Ljava/net/Proxy;I)V+125
j  sun.net.www.http.HttpClient.New(Ljava/net/URL;Ljava/net/Proxy;IZ)Lsun/net/www/http/HttpClient;+131
j  sun.net.www.http.HttpClient.New(Ljava/net/URL;Ljava/net/Proxy;I)Lsun/net/www/http/HttpClient;+4
j  sun.net.www.protocol.http.HttpURLConnection.getNewHttpClient(Ljava/net/URL;Ljava/net/Proxy;I)Lsun/net/www/http/HttpClient;+3
j  sun.net.www.protocol.http.HttpURLConnection.plainConnect()V+236
j  sun.net.www.protocol.http.HttpURLConnection.connect()V+1
j  sun.net.www.protocol.http.HttpURLConnection.getInputStream()Ljava/io/InputStream;+187
j  com.sun.org.apache.xerces.internal.impl.XMLEntityManager.setupCurrentEntity(Ljava/lang/String;Lcom/sun/org/apache/xerces/internal/xni/parser/XMLInputSource;ZZ)Ljava/lang/String;+223
j  com.sun.org.apache.xerces.internal.impl.XMLVersionDetector.determineDocVersion(Lcom/sun/org/apache/xerces/internal/xni/parser/XMLInputSource;)S+11
j  com.sun.org.apache.xerces.internal.parsers.XML11Configuration.parse(Z)Z+39
j  com.sun.org.apache.xerces.internal.parsers.XML11Configuration.parse(Lcom/sun/org/apache/xerces/internal/xni/parser/XMLInputSource;)V+29
j  com.sun.org.apache.xerces.internal.parsers.XMLParser.parse(Lcom/sun/org/apache/xerces/internal/xni/parser/XMLInputSource;)V+9
j  com.sun.org.apache.xerces.internal.parsers.DOMParser.parse(Lorg/xml/sax/InputSource;)V+43
j  com.sun.org.apache.xerces.internal.jaxp.DocumentBuilderImpl.parse(Lorg/xml/sax/InputSource;)Lorg/w3c/dom/Document;+50
j  javax.xml.parsers.DocumentBuilder.parse(Ljava/lang/String;)Lorg/w3c/dom/Document;+25
j  Acosoft.Processing.Components.Pro3xReadRSS.ReadRss()LAcosoft/Processing/Components/Pro3xRssInfo;+26
j  Acosoft.Processing.Components.Pro3xReadRSS.doInBackground()Ljava/lang/Object;+102
j  org.jdesktop.swingworker.SwingWorker$1.call()Ljava/lang/Object;+14
j  java.util.concurrent.FutureTask$Sync.innerRun()V+30
j  java.util.concurrent.FutureTask.run()V+4
j  org.jdesktop.swingworker.SwingWorker.run()V+4
j  java.util.concurrent.ThreadPoolExecutor$Worker.runTask(Ljava/lang/Runnable;)V+59
j  java.util.concurrent.ThreadPoolExecutor$Worker.run()V+28
j  java.lang.Thread.run()V+11
v  ~StubRoutines::call_stub

---------------  P R O C E S S  ---------------

Java Threads: ( => current thread )
  0x7050f800 JavaThread "pool-2-thread-3" [_thread_in_native, id=8430, stack(0x704af000,0x70500000)]
  0x6efe0400 JavaThread "pool-2-thread-2" [_thread_blocked, id=8428, stack(0x702af000,0x70300000)]
=>0x6efc4400 JavaThread "pool-2-thread-1" [_thread_in_native, id=8427, stack(0x6ea07000,0x6ea58000)]
  0x6efb8000 JavaThread "Laf-Widget fade tracker" daemon [_thread_blocked, id=8426, stack(0x7003c000,0x7008d000)]
  0x08cb9800 JavaThread "TimerQueue" daemon [_thread_blocked, id=8425, stack(0x70183000,0x701d4000)]
  0x6f8a0000 JavaThread "Substance heap status" daemon [_thread_blocked, id=8423, stack(0x7040d000,0x7045e000)]
  0xb6806400 JavaThread "DestroyJavaVM" [_thread_blocked, id=8403, stack(0xb692d000,0xb697e000)]
  0x705f4c00 JavaThread "AWT-EventQueue-0" [_thread_blocked, id=8418, stack(0x700de000,0x7012f000)]
  0x705f3c00 JavaThread "AWT-Shutdown" [_thread_blocked, id=8417, stack(0x7012f000,0x70180000)]
  0x705a7400 JavaThread "AWT-XAWT" daemon [_thread_in_vm, id=8416, stack(0x70703000,0x70754000)]
  0x70ccc000 JavaThread "Java2D Disposer" daemon [_thread_blocked, id=8415, stack(0x7078a000,0x707db000)]
  0xb689c400 JavaThread "Low Memory Detector" daemon [_thread_blocked, id=8413, stack(0x70e3c000,0x70e8d000)]
  0xb689a800 JavaThread "C2 CompilerThread1" daemon [_thread_in_native, id=8412, stack(0x70e8d000,0x70f0e000)]
  0xb6898800 JavaThread "C2 CompilerThread0" daemon [_thread_blocked, id=8411, stack(0x70f0e000,0x70f8f000)]
  0xb6897000 JavaThread "Signal Dispatcher" daemon [_thread_blocked, id=8410, stack(0x70f8f000,0x70fe0000)]
  0xb6888c00 JavaThread "Finalizer" daemon [_thread_blocked, id=8409, stack(0x71312000,0x71363000)]
  0xb6887400 JavaThread "Reference Handler" daemon [_thread_blocked, id=8408, stack(0x7162e000,0x7167f000)]

Other Threads:
  0xb6883800 VMThread [stack: 0x7167f000,0x71700000] [id=8407]
  0xb689e000 WatcherThread [stack: 0x70dbb000,0x70e3c000] [id=8414]

VM state:not at safepoint (normal execution)

VM Mutex/Monitor currently owned by a thread: None

Heap
 PSYoungGen      total 57984K, used 22074K [0x9ee40000, 0xa31c0000, 0xb36e0000)
  eden space 48768K, 30% used [0x9ee40000,0x9fcbc3f0,0xa1de0000)
  from space 9216K, 78% used [0xa2780000,0xa2e92758,0xa3080000)
  to   space 9856K, 0% used [0xa1de0000,0xa1de0000,0xa2780000)
 PSOldGen        total 42048K, used 21720K [0x75ce0000, 0x785f0000, 0x9ee40000)
  object space 42048K, 51% used [0x75ce0000,0x772162c8,0x785f0000)
 PSPermGen       total 28288K, used 28196K [0x71ce0000, 0x73880000, 0x75ce0000)
  object space 28288K, 99% used [0x71ce0000,0x738692b0,0x73880000)

Code Cache  [0xb37a8000, 0xb39e8000, 0xb67a8000)
 total_blobs=825 nmethods=542 adapters=236 free_code_cache=48481600 largest_free_block=15616

Dynamic libraries:
08048000-08052000 r-xp 00000000 08:06 2398585    /home/aco/jdk1.6.0_30/jre/bin/java
08052000-08053000 rwxp 00009000 08:06 2398585    /home/aco/jdk1.6.0_30/jre/bin/java
0834c000-08f74000 rwxp 00000000 00:00 0          [heap]
6e1a5000-6e1a9000 rwxs 00000000 00:04 171900985  /SYSV00000000 (deleted)
6e1a9000-6e2fc000 r-xp 00000000 08:06 2882770    /usr/lib/i386-linux-gnu/libgio-2.0.so.0.3200.3
6e2fc000-6e2fe000 r-xp 00153000 08:06 2882770    /usr/lib/i386-linux-gnu/libgio-2.0.so.0.3200.3
6e2fe000-6e2ff000 rwxp 00155000 08:06 2882770    /usr/lib/i386-linux-gnu/libgio-2.0.so.0.3200.3
6e2ff000-6e300000 rwxp 00000000 00:00 0 
6e300000-6e37c000 rwxp 00000000 00:00 0 
6e37c000-6e400000 ---p 00000000 00:00 0 
6e500000-6e5f6000 rwxp 00000000 00:00 0 
6e5f6000-6e600000 ---p 00000000 00:00 0 
6e600000-6e6e0000 rwxp 00000000 00:00 0 
6e6e0000-6e700000 ---p 00000000 00:00 0 
6e700000-6e7fb000 rwxp 00000000 00:00 0 
6e7fb000-6e800000 ---p 00000000 00:00 0 
6e800000-6e8ff000 rwxp 00000000 00:00 0 
6e8ff000-6e900000 ---p 00000000 00:00 0 
6e900000-6e978000 rwxp 00000000 00:00 0 
6e978000-6ea00000 ---p 00000000 00:00 0 
6ea07000-6ea0a000 ---p 00000000 00:00 0 
6ea0a000-6ea58000 rwxp 00000000 00:00 0 
6ea58000-6eb1e000 r-xp 00000000 08:06 2398633    /home/aco/jdk1.6.0_30/jre/lib/i386/libmlib_image.so
6eb1e000-6eb1f000 rwxp 000c5000 08:06 2398633    /home/aco/jdk1.6.0_30/jre/lib/i386/libmlib_image.so
6eb1f000-6ef00000 rwxs 00000000 00:04 171835447  /SYSV00000000 (deleted)
6ef00000-6efff000 rwxp 00000000 00:00 0 
6efff000-6f000000 ---p 00000000 00:00 0 
6f007000-6f0fe000 r-xp 00000000 08:06 261914     /lib/i386-linux-gnu/libglib-2.0.so.0.3200.3
6f0fe000-6f0ff000 r-xp 000f6000 08:06 261914     /lib/i386-linux-gnu/libglib-2.0.so.0.3200.3
6f0ff000-6f100000 rwxp 000f7000 08:06 261914     /lib/i386-linux-gnu/libglib-2.0.so.0.3200.3
6f100000-6f1e8000 rwxp 00000000 00:00 0 
6f1e8000-6f200000 ---p 00000000 00:00 0 
6f292000-6f2af000 r-xp 00000000 08:06 261636     /lib/i386-linux-gnu/libselinux.so.1
6f2af000-6f2b0000 r-xp 0001c000 08:06 261636     /lib/i386-linux-gnu/libselinux.so.1
6f2b0000-6f2b1000 rwxp 0001d000 08:06 261636     /lib/i386-linux-gnu/libselinux.so.1
6f2b1000-6f2fe000 r-xp 00000000 08:06 2882772    /usr/lib/i386-linux-gnu/libgobject-2.0.so.0.3200.3
6f2fe000-6f2ff000 r-xp 0004c000 08:06 2882772    /usr/lib/i386-linux-gnu/libgobject-2.0.so.0.3200.3
6f2ff000-6f300000 rwxp 0004d000 08:06 2882772    /usr/lib/i386-linux-gnu/libgobject-2.0.so.0.3200.3
6f300000-6f3f0000 rwxp 00000000 00:00 0 
6f3f0000-6f400000 ---p 00000000 00:00 0 
6f400000-6f4f8000 rwxp 00000000 00:00 0 
6f4f8000-6f500000 ---p 00000000 00:00 0 
6f500000-6f5f9000 rwxp 00000000 00:00 0 
6f5f9000-6f600000 ---p 00000000 00:00 0 
6f600000-6f6f7000 rwxp 00000000 00:00 0 
6f6f7000-6f700000 ---p 00000000 00:00 0 
6f700000-6f800000 rwxp 00000000 00:00 0 
6f800000-6f8ff000 rwxp 00000000 00:00 0 
6f8ff000-6f900000 ---p 00000000 00:00 0 
6f900000-6f9fa000 rwxp 00000000 00:00 0 
6f9fa000-6fa00000 ---p 00000000 00:00 0 
6fa00000-6fae8000 rwxp 00000000 00:00 0 
6fae8000-6fb00000 ---p 00000000 00:00 0 
6fb00000-6fbfb000 rwxp 00000000 00:00 0 
6fbfb000-6fc00000 ---p 00000000 00:00 0 
6fc00000-6fcfe000 rwxp 00000000 00:00 0 
6fcfe000-6fd00000 ---p 00000000 00:00 0 
6fd00000-6fdfc000 rwxp 00000000 00:00 0 
6fdfc000-6fe00000 ---p 00000000 00:00 0 
6fe00000-6feff000 rwxp 00000000 00:00 0 
6feff000-6ff00000 ---p 00000000 00:00 0 
6ff00000-6fffb000 rwxp 00000000 00:00 0 
6fffb000-70000000 ---p 00000000 00:00 0 
70000000-7003a000 r-xp 00000000 08:06 261910     /lib/i386-linux-gnu/libpcre.so.3.12.1
7003a000-7003b000 r-xp 00039000 08:06 261910     /lib/i386-linux-gnu/libpcre.so.3.12.1
7003b000-7003c000 rwxp 0003a000 08:06 261910     /lib/i386-linux-gnu/libpcre.so.3.12.1
7003c000-7003f000 ---p 00000000 00:00 0 
7003f000-7008d000 rwxp 00000000 00:00 0 
7008d000-70090000 ---p 00000000 00:00 0 
70090000-700de000 rwxp 00000000 00:00 0 
700de000-700e1000 ---p 00000000 00:00 0 
700e1000-7012f000 rwxp 00000000 00:00 0 
7012f000-70132000 ---p 00000000 00:00 0 
70132000-70180000 rwxp 00000000 00:00 0 
70183000-70186000 ---p 00000000 00:00 0 
70186000-701d4000 rwxp 00000000 00:00 0 
701d4000-701d7000 ---p 00000000 00:00 0 
701d7000-70225000 rwxp 00000000 00:00 0 
70228000-7023b000 r-xp 00000000 08:06 261861     /lib/i386-linux-gnu/libresolv-2.15.so
7023b000-7023c000 ---p 00013000 08:06 261861     /lib/i386-linux-gnu/libresolv-2.15.so
7023c000-7023d000 r-xp 00013000 08:06 261861     /lib/i386-linux-gnu/libresolv-2.15.so
7023d000-7023e000 rwxp 00014000 08:06 261861     /lib/i386-linux-gnu/libresolv-2.15.so
7023e000-70240000 rwxp 00000000 00:00 0 
70240000-70287000 r-xp 00000000 08:06 261715     /lib/i386-linux-gnu/libdbus-1.so.3.5.8
70287000-70288000 r-xp 00047000 08:06 261715     /lib/i386-linux-gnu/libdbus-1.so.3.5.8
70288000-70289000 rwxp 00048000 08:06 261715     /lib/i386-linux-gnu/libdbus-1.so.3.5.8
70289000-702ad000 r-xp 00000000 08:06 2878129    /usr/lib/i386-linux-gnu/libdbus-glib-1.so.2.2.2
702ad000-702ae000 r-xp 00023000 08:06 2878129    /usr/lib/i386-linux-gnu/libdbus-glib-1.so.2.2.2
702ae000-702af000 rwxp 00024000 08:06 2878129    /usr/lib/i386-linux-gnu/libdbus-glib-1.so.2.2.2
702af000-702b2000 ---p 00000000 00:00 0 
702b2000-70300000 rwxp 00000000 00:00 0 
70300000-70400000 rwxp 00000000 00:00 0 
7040d000-70410000 ---p 00000000 00:00 0 
70410000-7045e000 rwxp 00000000 00:00 0 
7045e000-70461000 ---p 00000000 00:00 0 
70461000-704af000 rwxp 00000000 00:00 0 
704af000-704b2000 ---p 00000000 00:00 0 
704b2000-70500000 rwxp 00000000 00:00 0 
70500000-705fd000 rwxp 00000000 00:00 0 
705fd000-70600000 ---p 00000000 00:00 0 
70603000-70617000 r-xp 00000000 08:06 261774     /lib/i386-linux-gnu/libz.so.1.2.3.4
70617000-70618000 r-xp 00013000 08:06 261774     /lib/i386-linux-gnu/libz.so.1.2.3.4
70618000-70619000 rwxp 00014000 08:06 261774     /lib/i386-linux-gnu/libz.so.1.2.3.4
70619000-70645000 r-xp 00000000 08:06 2880927    /usr/lib/i386-linux-gnu/libgconf-2.so.4.1.5
70645000-70646000 r-xp 0002b000 08:06 2880927    /usr/lib/i386-linux-gnu/libgconf-2.so.4.1.5
70646000-70647000 rwxp 0002c000 08:06 2880927    /usr/lib/i386-linux-gnu/libgconf-2.so.4.1.5
70647000-70648000 r-xs 00000000 08:06 3016133    /var/cache/fontconfig/c05880de57d1f5e948fdfacc138775d9-le32d4.cache-3
70648000-7064e000 r-xs 00000000 08:06 3014378    /var/cache/fontconfig/945677eb7aeaf62f1d50efc3fb3ec7d8-le32d4.cache-3
7064e000-70650000 r-xs 00000000 08:06 3016131    /var/cache/fontconfig/99e8ed0e538f840c565b6ed5dad60d56-le32d4.cache-3
70650000-70653000 r-xs 00000000 08:06 3016129    /var/cache/fontconfig/2cd17615ca594fa2959ae173292e504c-le32d4.cache-3
70653000-70654000 r-xs 00000000 08:06 3016128    /var/cache/fontconfig/e7071f4a29fa870f4323321c154eba04-le32d4.cache-3
70654000-70656000 r-xs 00000000 08:06 3013082    /var/cache/fontconfig/b5ea634b0fb353b8ea17632d1f9ef766-le32d4.cache-3
70656000-70657000 r-xs 00000000 08:06 3016127    /var/cache/fontconfig/0d8c3b2ac0904cb8a57a757ad11a4a08-le32d4.cache-3
70657000-7065b000 r-xs 00000000 08:06 3016126    /var/cache/fontconfig/a755afe4a08bf5b97852ceb7400b47bc-le32d4.cache-3
7065b000-70662000 r-xs 00000000 08:06 3016125    /var/cache/fontconfig/6d41288fd70b0be22e8c3a91e032eec0-le32d4.cache-3
70662000-7066d000 r-xs 00000000 08:06 3016123    /var/cache/fontconfig/04aabc0a78ac019cf9454389977116d2-le32d4.cache-3
7066d000-70670000 r-xs 00000000 08:06 3016120    /var/cache/fontconfig/8801497958630a81b71ace7c5f9b32a8-le32d4.cache-3
70670000-70674000 r-xs 00000000 08:06 3016119    /var/cache/fontconfig/3047814df9a2f067bd2d96a2b9c36e5a-le32d4.cache-3
70674000-70678000 r-xs 00000000 08:06 3016116    /var/cache/fontconfig/b47c4e1ecd0709278f4910c18777a504-le32d4.cache-3
70678000-7067c000 r-xs 00000000 08:06 2396999    /home/aco/.fontconfig/dc2f97719e7f589387f5124837fd45dc-le32d4.cache-3
70686000-7069b000 r-xp 00000000 08:06 2398632    /home/aco/jdk1.6.0_30/jre/lib/i386/libdcpr.so
7069b000-706ae000 rwxp 00014000 08:06 2398632    /home/aco/jdk1.6.0_30/jre/lib/i386/libdcpr.so
706b8000-706bd000 r-xp 00000000 08:06 261862     /lib/i386-linux-gnu/libnss_dns-2.15.so
706bd000-706be000 r-xp 00004000 08:06 261862     /lib/i386-linux-gnu/libnss_dns-2.15.so
706be000-706bf000 rwxp 00005000 08:06 261862     /lib/i386-linux-gnu/libnss_dns-2.15.so
706bf000-706c1000 r-xp 00000000 08:06 261997     /lib/libnss_mdns4_minimal.so.2
706c1000-706c2000 r-xp 00001000 08:06 261997     /lib/libnss_mdns4_minimal.so.2
706c2000-706c3000 rwxp 00002000 08:06 261997     /lib/libnss_mdns4_minimal.so.2
706c3000-706c8000 r-xp 00000000 08:06 2880887    /usr/lib/i386-linux-gnu/libffi.so.6.0.0
706c8000-706c9000 r-xp 00004000 08:06 2880887    /usr/lib/i386-linux-gnu/libffi.so.6.0.0
706c9000-706ca000 rwxp 00005000 08:06 2880887    /usr/lib/i386-linux-gnu/libffi.so.6.0.0
706ca000-706cd000 r-xp 00000000 08:06 2882771    /usr/lib/i386-linux-gnu/libgmodule-2.0.so.0.3200.3
706cd000-706ce000 r-xp 00002000 08:06 2882771    /usr/lib/i386-linux-gnu/libgmodule-2.0.so.0.3200.3
706ce000-706cf000 rwxp 00003000 08:06 2882771    /usr/lib/i386-linux-gnu/libgmodule-2.0.so.0.3200.3
706ea000-706ed000 r-xs 000cc000 08:06 2399294    /home/aco/jdk1.6.0_30/jre/lib/ext/localedata.jar
706ed000-706f5000 r-xs 00115000 08:06 2398705    /home/aco/jdk1.6.0_30/jre/lib/resources.jar
706f5000-706fb000 r-xs 00095000 08:06 2398656    /home/aco/jdk1.6.0_30/jre/lib/jsse.jar
706fb000-70702000 r-xp 00000000 08:06 2398624    /home/aco/jdk1.6.0_30/jre/lib/i386/libnio.so
70702000-70703000 rwxp 00006000 08:06 2398624    /home/aco/jdk1.6.0_30/jre/lib/i386/libnio.so
70703000-70706000 ---p 00000000 00:00 0 
70706000-70754000 rwxp 00000000 00:00 0 
70754000-70758000 r-xp 00000000 08:06 2878760    /usr/lib/i386-linux-gnu/libXfixes.so.3.1.0
70758000-70759000 r-xp 00004000 08:06 2878760    /usr/lib/i386-linux-gnu/libXfixes.so.3.1.0
70759000-7075a000 rwxp 00005000 08:06 2878760    /usr/lib/i386-linux-gnu/libXfixes.so.3.1.0
7075a000-70762000 r-xp 00000000 08:06 2883481    /usr/lib/i386-linux-gnu/libXrender.so.1.3.0
70762000-70763000 r-xp 00007000 08:06 2883481    /usr/lib/i386-linux-gnu/libXrender.so.1.3.0
70763000-70764000 rwxp 00008000 08:06 2883481    /usr/lib/i386-linux-gnu/libXrender.so.1.3.0
70764000-7076d000 r-xp 00000000 08:06 2883192    /usr/lib/i386-linux-gnu/libXcursor.so.1.0.2
7076d000-7076e000 r-xp 00008000 08:06 2883192    /usr/lib/i386-linux-gnu/libXcursor.so.1.0.2
7076e000-7076f000 rwxp 00009000 08:06 2883192    /usr/lib/i386-linux-gnu/libXcursor.so.1.0.2
7076f000-70772000 r-xs 00027000 08:06 2398599    /home/aco/jdk1.6.0_30/jre/lib/ext/sunjce_provider.jar
70772000-70775000 r-xs 00013000 08:06 2398665    /home/aco/jdk1.6.0_30/jre/lib/jce.jar
70775000-70789000 r-xp 00000000 08:06 2398623    /home/aco/jdk1.6.0_30/jre/lib/i386/libnet.so
70789000-7078a000 rwxp 00013000 08:06 2398623    /home/aco/jdk1.6.0_30/jre/lib/i386/libnet.so
7078a000-7078d000 ---p 00000000 00:00 0 
7078d000-707db000 rwxp 00000000 00:00 0 
707db000-70854000 r-xp 00000000 08:06 2398639    /home/aco/jdk1.6.0_30/jre/lib/i386/libfontmanager.so
70854000-7085e000 rwxp 00078000 08:06 2398639    /home/aco/jdk1.6.0_30/jre/lib/i386/libfontmanager.so
7085e000-70863000 rwxp 00000000 00:00 0 
70863000-70868000 r-xp 00000000 08:06 2886493    /usr/lib/i386-linux-gnu/libXdmcp.so.6.0.0
70868000-70869000 r-xp 00004000 08:06 2886493    /usr/lib/i386-linux-gnu/libXdmcp.so.6.0.0
70869000-7086a000 rwxp 00005000 08:06 2886493    /usr/lib/i386-linux-gnu/libXdmcp.so.6.0.0
7086a000-7086c000 r-xp 00000000 08:06 2880100    /usr/lib/i386-linux-gnu/libXau.so.6.0.0
7086c000-7086d000 r-xp 00001000 08:06 2880100    /usr/lib/i386-linux-gnu/libXau.so.6.0.0
7086d000-7086e000 rwxp 00002000 08:06 2880100    /usr/lib/i386-linux-gnu/libXau.so.6.0.0
7086e000-7088d000 r-xp 00000000 08:06 2896853    /usr/lib/i386-linux-gnu/libxcb.so.1.1.0
7088d000-7088e000 r-xp 0001f000 08:06 2896853    /usr/lib/i386-linux-gnu/libxcb.so.1.1.0
7088e000-7088f000 rwxp 00020000 08:06 2896853    /usr/lib/i386-linux-gnu/libxcb.so.1.1.0
7088f000-7089d000 r-xp 00000000 08:06 2883247    /usr/lib/i386-linux-gnu/libXi.so.6.1.0
7089d000-7089e000 r-xp 0000d000 08:06 2883247    /usr/lib/i386-linux-gnu/libXi.so.6.1.0
7089e000-7089f000 rwxp 0000e000 08:06 2883247    /usr/lib/i386-linux-gnu/libXi.so.6.1.0
7089f000-709cf000 r-xp 00000000 08:06 2883803    /usr/lib/i386-linux-gnu/libX11.so.6.3.0
709cf000-709d0000 r-xp 0012f000 08:06 2883803    /usr/lib/i386-linux-gnu/libX11.so.6.3.0
709d0000-709d2000 rwxp 00130000 08:06 2883803    /usr/lib/i386-linux-gnu/libX11.so.6.3.0
709d2000-709d3000 rwxp 00000000 00:00 0 
709d3000-709e3000 r-xp 00000000 08:06 2878967    /usr/lib/i386-linux-gnu/libXext.so.6.4.0
709e3000-709e4000 r-xp 0000f000 08:06 2878967    /usr/lib/i386-linux-gnu/libXext.so.6.4.0
709e4000-709e5000 rwxp 00010000 08:06 2878967    /usr/lib/i386-linux-gnu/libXext.so.6.4.0
709e7000-709f4000 r-xs 00000000 08:06 3016113    /var/cache/fontconfig/d52a8644073d54c13679302ca1180695-le32d4.cache-3
709f4000-709f8000 r-xs 00000000 08:06 3010341    /var/cache/fontconfig/3f7329c5293ffd510edef78f73874cfd-le32d4.cache-3
709f8000-70a00000 r-xs 00000000 08:06 3014373    /var/cache/fontconfig/e13b20fdb08344e0e664864cc2ede53d-le32d4.cache-3
70a00000-70af9000 rwxp 00000000 00:00 0 
70af9000-70b00000 ---p 00000000 00:00 0 
70b00000-70b03000 r-xs 00000000 08:06 3016122    /var/cache/fontconfig/385c0604a188198f04d133e54aba7fe7-le32d4.cache-3
70b03000-70b08000 r-xp 00000000 08:06 2882523    /usr/lib/i386-linux-gnu/libXtst.so.6.1.0
70b08000-70b09000 r-xp 00004000 08:06 2882523    /usr/lib/i386-linux-gnu/libXtst.so.6.1.0
70b09000-70b0a000 rwxp 00005000 08:06 2882523    /usr/lib/i386-linux-gnu/libXtst.so.6.1.0
70b0a000-70b4d000 r-xp 00000000 08:06 2398636    /home/aco/jdk1.6.0_30/jre/lib/i386/xawt/libmawt.so
70b4d000-70b4f000 rwxp 00043000 08:06 2398636    /home/aco/jdk1.6.0_30/jre/lib/i386/xawt/libmawt.so
70b4f000-70b50000 rwxp 00000000 00:00 0 
70b50000-70bd5000 r-xp 00000000 08:06 2398634    /home/aco/jdk1.6.0_30/jre/lib/i386/libawt.so
70bd5000-70bdc000 rwxp 00085000 08:06 2398634    /home/aco/jdk1.6.0_30/jre/lib/i386/libawt.so
70bdc000-70c00000 rwxp 00000000 00:00 0 
70c00000-70d00000 rwxp 00000000 00:00 0 
70d01000-70d02000 r-xs 00000000 08:06 3016121    /var/cache/fontconfig/4794a0821666d79190d59a36cb4f44b5-le32d4.cache-3
70d02000-70d04000 r-xs 0001e000 08:06 2491376    /home/aco/NetBeansProjects/FiscalClient/dist/FiscalClient.jar
70d04000-70d05000 r-xs 00002000 08:06 2515013    /home/aco/NetBeansProjects/Pro3x.Licences/dist/Pro3x.Licences.jar
70d05000-70d07000 r-xs 00009000 08:06 2381133    /home/aco/NetBeansProjects/Pro3xUltimatePOS/libs/JavaMail/smtp.jar
70d07000-70d08000 r-xs 00008000 08:06 2381135    /home/aco/NetBeansProjects/Pro3xUltimatePOS/libs/JavaMail/pop3.jar
70d08000-70d0c000 r-xs 00035000 08:06 2381132    /home/aco/NetBeansProjects/Pro3xUltimatePOS/libs/JavaMail/mailapi.jar
70d0c000-70d0f000 r-xs 00027000 08:06 2381131    /home/aco/NetBeansProjects/Pro3xUltimatePOS/libs/JavaMail/imap.jar
70d0f000-70d10000 r-xs 00004000 08:06 2381134    /home/aco/NetBeansProjects/Pro3xUltimatePOS/libs/JavaMail/dsn.jar
70d10000-70d17000 r-xs 000a5000 08:06 2381059    /home/aco/NetBeansProjects/Pro3xUltimatePOS/libs/MySQLDriver/mysql-connector-java-5.1.6-bin.jar
70d17000-70d1c000 r-xs 00078000 08:06 2381118    /home/aco/NetBeansProjects/Pro3xUltimatePOS/libs/DerbyClient/derbyclient.jar
70d1c000-70d41000 r-xs 0022f000 08:06 2381082    /home/aco/NetBeansProjects/Pro3xUltimatePOS/libs/DerbyDriver/derby.jar
70d41000-70d47000 r-xs 000a2000 08:06 2381054    /home/aco/NetBeansProjects/Pro3xUltimatePOS/libs/swing-app-framework/AppFramework.jar
70d47000-70d66000 r-xs 0017f000 08:06 2381087    /home/aco/NetBeansProjects/Pro3xUltimatePOS/libs/Substance/substance.jar
70d66000-70d76000 r-xs 0013f000 08:06 2381113    /home/aco/NetBeansProjects/Pro3xUltimatePOS/libs/JasperCustom/jfreechart-1.0.12.jar
70d76000-70d7a000 r-xs 0001f000 08:06 2381106    /home/aco/NetBeansProjects/Pro3xUltimatePOS/libs/JasperCustom/commons-digester-1.7.jar
70d7a000-70dbb000 r-xs 00449000 08:06 2381031    /home/aco/NetBeansProjects/Pro3xUltimatePOS/libs/EclipseLink/JavaLink.jar
70dbb000-70dbc000 ---p 00000000 00:00 0 
70dbc000-70e3c000 rwxp 00000000 00:00 0 
70e3c000-70e3f000 ---p 00000000 00:00 0 
70e3f000-70e8d000 rwxp 00000000 00:00 0 
70e8d000-70e90000 ---p 00000000 00:00 0 
70e90000-70f0e000 rwxp 00000000 00:00 0 
70f0e000-70f11000 ---p 00000000 00:00 0 
70f11000-70f8f000 rwxp 00000000 00:00 0 
70f8f000-70f92000 ---p 00000000 00:00 0 
70f92000-70fe0000 rwxp 00000000 00:00 0 
70fe0000-71112000 r-xp 002c8000 08:06 2883418    /usr/lib/locale/locale-archive
71112000-71312000 r-xp 00000000 08:06 2883418    /usr/lib/locale/locale-archive
71312000-71315000 ---p 00000000 00:00 0 
71315000-71363000 rwxp 00000000 00:00 0 
71363000-71500000 r-xs 030b8000 08:06 2387045    /home/aco/jdk1.6.0_30/jre/lib/rt.jar
71500000-715ff000 rwxp 00000000 00:00 0 
715ff000-71600000 ---p 00000000 00:00 0 
71600000-71601000 r-xs 00000000 08:06 3016118    /var/cache/fontconfig/56cf4f4769d0f4abc89a4895d7bd3ae1-le32d4.cache-3
71601000-71603000 r-xs 00000000 08:06 3016115    /var/cache/fontconfig/e49e89034d371f0f9de17aab02136486-le32d4.cache-3
71603000-7161e000 r-xs 00142000 08:06 2381110    /home/aco/NetBeansProjects/Pro3xUltimatePOS/libs/JasperCustom/poi-3.2-FINAL-20081019.jar
7161e000-71629000 r-xs 000f6000 08:06 2381112    /home/aco/NetBeansProjects/Pro3xUltimatePOS/libs/JasperCustom/iText-2.1.0.jar
71629000-7162e000 r-xs 0002a000 08:06 2381109    /home/aco/NetBeansProjects/Pro3xUltimatePOS/libs/JasperCustom/commons-beanutils-1.7.jar
7162e000-71631000 ---p 00000000 00:00 0 
71631000-7167f000 rwxp 00000000 00:00 0 
7167f000-71680000 ---p 00000000 00:00 0 
71680000-71700000 rwxp 00000000 00:00 0 
71700000-717fe000 rwxp 00000000 00:00 0 
717fe000-71800000 ---p 00000000 00:00 0 
71800000-71803000 r-xs 00000000 08:06 3013081    /var/cache/fontconfig/7ef2298fde41cc6eeb7af42e48b7d293-le32d4.cache-3
71803000-71804000 r-xs 00006000 08:06 2381107    /home/aco/NetBeansProjects/Pro3xUltimatePOS/libs/JasperCustom/commons-logging-1.0.2.jar
71804000-7180a000 r-xs 00023000 08:06 2381108    /home/aco/NetBeansProjects/Pro3xUltimatePOS/libs/JasperCustom/commons-collections-2.1.jar
7180a000-71833000 r-xs 003f2000 08:06 2381111    /home/aco/NetBeansProjects/Pro3xUltimatePOS/libs/JasperCustom/JasperReports.jar
71833000-71867000 rwxp 00000000 00:00 0 
71867000-71868000 ---p 00000000 00:00 0 
71868000-718e8000 rwxp 00000000 00:00 0 
718e8000-718e9000 ---p 00000000 00:00 0 
718e9000-71977000 rwxp 00000000 00:00 0 
71977000-71989000 rwxp 00000000 00:00 0 
71989000-7199e000 rwxp 00000000 00:00 0 
7199e000-71ad2000 rwxp 00000000 00:00 0 
71ad2000-71ae0000 rwxp 00000000 00:00 0 
71ae0000-71af2000 rwxp 00000000 00:00 0 
71af2000-71b07000 rwxp 00000000 00:00 0 
71b07000-71c3a000 rwxp 00000000 00:00 0 
71c3a000-71c5d000 rwxp 00000000 00:00 0 
71c5d000-71cdf000 rwxp 00000000 00:00 0 
71cdf000-73880000 rwxp 00000000 00:00 0 
73880000-75ce0000 rwxp 00000000 00:00 0 
75ce0000-785f0000 rwxp 00000000 00:00 0 
785f0000-9ee40000 rwxp 00000000 00:00 0 
9ee40000-a31c0000 rwxp 00000000 00:00 0 
a31c0000-b36e0000 rwxp 00000000 00:00 0 
b36e0000-b36e1000 r-xs 00000000 08:06 3016117    /var/cache/fontconfig/b9d506c9ac06c20b433354fa67a72993-le32d4.cache-3
b36e1000-b36e8000 r-xs 00094000 08:06 2381142    /home/aco/NetBeansProjects/Pro3xUltimatePOS/libs/beans-binding/beansbinding-1.2.1.jar
b36e8000-b36f1000 rwxp 00000000 00:00 0 
b36f1000-b37a8000 rwxp 00000000 00:00 0 
b37a8000-b39e8000 rwxp 00000000 00:00 0 
b39e8000-b67a8000 rwxp 00000000 00:00 0 
b67a8000-b67b3000 r-xp 00000000 08:06 261860     /lib/i386-linux-gnu/libnss_files-2.15.so
b67b3000-b67b4000 r-xp 0000a000 08:06 261860     /lib/i386-linux-gnu/libnss_files-2.15.so
b67b4000-b67b5000 rwxp 0000b000 08:06 261860     /lib/i386-linux-gnu/libnss_files-2.15.so
b67b5000-b67bf000 r-xp 00000000 08:06 261864     /lib/i386-linux-gnu/libnss_nis-2.15.so
b67bf000-b67c0000 r-xp 00009000 08:06 261864     /lib/i386-linux-gnu/libnss_nis-2.15.so
b67c0000-b67c1000 rwxp 0000a000 08:06 261864     /lib/i386-linux-gnu/libnss_nis-2.15.so
b67c1000-b67d7000 r-xp 00000000 08:06 261880     /lib/i386-linux-gnu/libnsl-2.15.so
b67d7000-b67d8000 r-xp 00015000 08:06 261880     /lib/i386-linux-gnu/libnsl-2.15.so
b67d8000-b67d9000 rwxp 00016000 08:06 261880     /lib/i386-linux-gnu/libnsl-2.15.so
b67d9000-b67db000 rwxp 00000000 00:00 0 
b67db000-b67fe000 r-xp 00000000 08:06 2398616    /home/aco/jdk1.6.0_30/jre/lib/i386/libjava.so
b67fe000-b6800000 rwxp 00023000 08:06 2398616    /home/aco/jdk1.6.0_30/jre/lib/i386/libjava.so
b6800000-b6900000 rwxp 00000000 00:00 0 
b6900000-b6901000 r-xs 00000000 08:06 3016114    /var/cache/fontconfig/4b14b093aebc79c320de5e86ae1d3314-le32d4.cache-3
b6901000-b690b000 r-xs 000d7000 08:06 2374356    /home/aco/NetBeansProjects/Pro3xUltimatePOS/libs/javaws.jar
b690b000-b691a000 r-xp 00000000 08:06 2398619    /home/aco/jdk1.6.0_30/jre/lib/i386/libzip.so
b691a000-b691c000 rwxp 0000e000 08:06 2398619    /home/aco/jdk1.6.0_30/jre/lib/i386/libzip.so
b691c000-b6924000 rwxs 00000000 08:06 2224069    /tmp/hsperfdata_aco/8400
b6924000-b692b000 r-xp 00000000 08:06 261863     /lib/i386-linux-gnu/librt-2.15.so
b692b000-b692c000 r-xp 00006000 08:06 261863     /lib/i386-linux-gnu/librt-2.15.so
b692c000-b692d000 rwxp 00007000 08:06 261863     /lib/i386-linux-gnu/librt-2.15.so
b692d000-b6930000 ---p 00000000 00:00 0 
b6930000-b697e000 rwxp 00000000 00:00 0 
b697e000-b69a8000 r-xp 00000000 08:06 261868     /lib/i386-linux-gnu/libm-2.15.so
b69a8000-b69a9000 r-xp 00029000 08:06 261868     /lib/i386-linux-gnu/libm-2.15.so
b69a9000-b69aa000 rwxp 0002a000 08:06 261868     /lib/i386-linux-gnu/libm-2.15.so
b69aa000-b715c000 r-xp 00000000 08:06 2398605    /home/aco/jdk1.6.0_30/jre/lib/i386/server/libjvm.so
b715c000-b71b0000 rwxp 007b1000 08:06 2398605    /home/aco/jdk1.6.0_30/jre/lib/i386/server/libjvm.so
b71b0000-b75cf000 rwxp 00000000 00:00 0 
b75cf000-b7772000 r-xp 00000000 08:06 261856     /lib/i386-linux-gnu/libc-2.15.so
b7772000-b7773000 ---p 001a3000 08:06 261856     /lib/i386-linux-gnu/libc-2.15.so
b7773000-b7775000 r-xp 001a3000 08:06 261856     /lib/i386-linux-gnu/libc-2.15.so
b7775000-b7776000 rwxp 001a5000 08:06 261856     /lib/i386-linux-gnu/libc-2.15.so
b7776000-b7779000 rwxp 00000000 00:00 0 
b7779000-b777c000 r-xp 00000000 08:06 261872     /lib/i386-linux-gnu/libdl-2.15.so
b777c000-b777d000 r-xp 00002000 08:06 261872     /lib/i386-linux-gnu/libdl-2.15.so
b777d000-b777e000 rwxp 00003000 08:06 261872     /lib/i386-linux-gnu/libdl-2.15.so
b777e000-b7785000 r-xp 00000000 08:06 2398617    /home/aco/jdk1.6.0_30/jre/lib/i386/jli/libjli.so
b7785000-b7787000 rwxp 00006000 08:06 2398617    /home/aco/jdk1.6.0_30/jre/lib/i386/jli/libjli.so
b7787000-b7788000 rwxp 00000000 00:00 0 
b7788000-b779f000 r-xp 00000000 08:06 261865     /lib/i386-linux-gnu/libpthread-2.15.so
b779f000-b77a0000 r-xp 00016000 08:06 261865     /lib/i386-linux-gnu/libpthread-2.15.so
b77a0000-b77a1000 rwxp 00017000 08:06 261865     /lib/i386-linux-gnu/libpthread-2.15.so
b77a1000-b77a3000 rwxp 00000000 00:00 0 
b77a3000-b77a4000 r-xs 00007000 08:06 2381069    /home/aco/NetBeansProjects/Pro3xUltimatePOS/libs/SwingWorkerCustom/Swing_Worker.jar
b77a4000-b77a7000 r-xs 0000f000 08:06 2381033    /home/aco/NetBeansProjects/Pro3xUltimatePOS/libs/EclipseLink/javax.persistence-1.1.1.jar
b77a7000-b77ae000 r-xp 00000000 08:06 261858     /lib/i386-linux-gnu/libnss_compat-2.15.so
b77ae000-b77af000 r-xp 00006000 08:06 261858     /lib/i386-linux-gnu/libnss_compat-2.15.so
b77af000-b77b0000 rwxp 00007000 08:06 261858     /lib/i386-linux-gnu/libnss_compat-2.15.so
b77b0000-b77b1000 rwxp 00000000 00:00 0 
b77b1000-b77b2000 r-xp 00000000 00:00 0 
b77b2000-b77bd000 r-xp 00000000 08:06 2398615    /home/aco/jdk1.6.0_30/jre/lib/i386/libverify.so
b77bd000-b77be000 rwxp 0000b000 08:06 2398615    /home/aco/jdk1.6.0_30/jre/lib/i386/libverify.so
b77be000-b77c0000 rwxp 00000000 00:00 0 
b77c0000-b77c1000 r-xp 00000000 00:00 0          [vdso]
b77c1000-b77e1000 r-xp 00000000 08:06 261869     /lib/i386-linux-gnu/ld-2.15.so
b77e1000-b77e2000 r-xp 0001f000 08:06 261869     /lib/i386-linux-gnu/ld-2.15.so
b77e2000-b77e3000 rwxp 00020000 08:06 261869     /lib/i386-linux-gnu/ld-2.15.so
bff95000-bffb6000 rwxp 00000000 00:00 0          [stack]

VM Arguments:
jvm_args: -Xbootclasspath/p:/home/aco/NetBeansProjects/Pro3xUltimatePOS/libs/javaws.jar -Dfile.encoding=UTF-8 -Duser.home=/home/aco/JavaUserHome 
java_command: Acosoft.Processing.Pro3App
Launcher Type: SUN_STANDARD

Environment Variables:
PATH=/usr/lib/lightdm/lightdm:/usr/local/sbin:/usr/local/bin:/usr/sbin:/usr/bin:/sbin:/bin:/usr/games
LD_LIBRARY_PATH=/home/aco/jdk1.6.0_30/jre/lib/i386/server:/home/aco/jdk1.6.0_30/jre/lib/i386:/home/aco/jdk1.6.0_30/jre/../lib/i386:/home/aco/jdk1.6.0_30/jre/lib/i386/client:/home/aco/jdk1.6.0_30/jre/lib/i386:/home/aco/jdk1.6.0_30/jre/../lib/i386
SHELL=/bin/bash
DISPLAY=:0

Signal Handlers:
SIGSEGV: [libjvm.so+0x725400], sa_mask[0]=0x7ffbfeff, sa_flags=0x10000004
SIGBUS: [libjvm.so+0x725400], sa_mask[0]=0x7ffbfeff, sa_flags=0x10000004
SIGFPE: [libjvm.so+0x5dff40], sa_mask[0]=0x7ffbfeff, sa_flags=0x10000004
SIGPIPE: [libjvm.so+0x5dff40], sa_mask[0]=0x7ffbfeff, sa_flags=0x10000004
SIGXFSZ: [libjvm.so+0x5dff40], sa_mask[0]=0x7ffbfeff, sa_flags=0x10000004
SIGILL: [libjvm.so+0x5dff40], sa_mask[0]=0x7ffbfeff, sa_flags=0x10000004
SIGUSR1: SIG_DFL, sa_mask[0]=0x00000000, sa_flags=0x00000000
SIGUSR2: [libjvm.so+0x5e31a0], sa_mask[0]=0x00000004, sa_flags=0x10000004
SIGHUP: [libjvm.so+0x5e2d80], sa_mask[0]=0x7ffbfeff, sa_flags=0x10000004
SIGINT: SIG_IGN, sa_mask[0]=0x00000000, sa_flags=0x00000000
SIGTERM: [libjvm.so+0x5e2d80], sa_mask[0]=0x7ffbfeff, sa_flags=0x10000004
SIGQUIT: [libjvm.so+0x5e2d80], sa_mask[0]=0x7ffbfeff, sa_flags=0x10000004


---------------  S Y S T E M  ---------------

OS:wheezy/sid

uname:Linux 3.2.0-36-generic-pae #57-Ubuntu SMP Tue Jan 8 22:01:06 UTC 2013 i686
libc:glibc 2.15 NPTL 2.15 
rlimit: STACK 8192k, CORE 0k, NPROC 31354, NOFILE 4096, AS infinity
load average:0.38 0.29 0.44

/proc/meminfo:
MemTotal:        4033768 kB
MemFree:         1278588 kB
Buffers:          193744 kB
Cached:          1248996 kB
SwapCached:            0 kB
Active:          1507448 kB
Inactive:        1146268 kB
Active(anon):    1225568 kB
Inactive(anon):   296120 kB
Active(file):     281880 kB
Inactive(file):   850148 kB
Unevictable:         184 kB
Mlocked:             184 kB
HighTotal:       3193224 kB
HighFree:         715084 kB
LowTotal:         840544 kB
LowFree:          563504 kB
SwapTotal:       3906556 kB
SwapFree:        3906556 kB
Dirty:               220 kB
Writeback:             0 kB
AnonPages:       1211224 kB
Mapped:           238216 kB
Shmem:            310716 kB
Slab:              61360 kB
SReclaimable:      40660 kB
SUnreclaim:        20700 kB
KernelStack:        4488 kB
PageTables:        13460 kB
NFS_Unstable:          0 kB
Bounce:                0 kB
WritebackTmp:          0 kB
CommitLimit:     5923440 kB
Committed_AS:    4607308 kB
VmallocTotal:     122880 kB
VmallocUsed:       19220 kB
VmallocChunk:     100812 kB
HardwareCorrupted:     0 kB
AnonHugePages:         0 kB
HugePages_Total:       0
HugePages_Free:        0
HugePages_Rsvd:        0
HugePages_Surp:        0
Hugepagesize:       2048 kB
DirectMap4k:       10232 kB
DirectMap2M:      903168 kB


CPU:total 2 (2 cores per cpu, 1 threads per core) family 6 model 42 stepping 7, cmov, cx8, fxsr, mmx, sse, sse2, sse3, ssse3, sse4.1, sse4.2, popcnt

/proc/cpuinfo:
processor	: 0
vendor_id	: GenuineIntel
cpu family	: 6
model		: 42
model name	: Intel(R) Pentium(R) CPU B940 @ 2.00GHz
stepping	: 7
microcode	: 0x14
cpu MHz		: 2000.000
cache size	: 2048 KB
physical id	: 0
siblings	: 2
core id		: 0
cpu cores	: 2
apicid		: 0
initial apicid	: 0
fdiv_bug	: no
hlt_bug		: no
f00f_bug	: no
coma_bug	: no
fpu		: yes
fpu_exception	: yes
cpuid level	: 13
wp		: yes
flags		: fpu vme de pse tsc msr pae mce cx8 apic sep mtrr pge mca cmov pat pse36 clflush dts acpi mmx fxsr sse sse2 ss ht tm pbe nx rdtscp lm constant_tsc arch_perfmon pebs bts xtopology nonstop_tsc aperfmperf pni pclmulqdq dtes64 monitor ds_cpl est tm2 ssse3 cx16 xtpr pdcm pcid sse4_1 sse4_2 x2apic popcnt tsc_deadline_timer xsave lahf_lm arat epb xsaveopt pln pts dtherm
bogomips	: 3991.22
clflush size	: 64
cache_alignment	: 64
address sizes	: 36 bits physical, 48 bits virtual
power management:

processor	: 1
vendor_id	: GenuineIntel
cpu family	: 6
model		: 42
model name	: Intel(R) Pentium(R) CPU B940 @ 2.00GHz
stepping	: 7
microcode	: 0x14
cpu MHz		: 2000.000
cache size	: 2048 KB
physical id	: 0
siblings	: 2
core id		: 1
cpu cores	: 2
apicid		: 2
initial apicid	: 2
fdiv_bug	: no
hlt_bug		: no
f00f_bug	: no
coma_bug	: no
fpu		: yes
fpu_exception	: yes
cpuid level	: 13
wp		: yes
flags		: fpu vme de pse tsc msr pae mce cx8 apic sep mtrr pge mca cmov pat pse36 clflush dts acpi mmx fxsr sse sse2 ss ht tm pbe nx rdtscp lm constant_tsc arch_perfmon pebs bts xtopology nonstop_tsc aperfmperf pni pclmulqdq dtes64 monitor ds_cpl est tm2 ssse3 cx16 xtpr pdcm pcid sse4_1 sse4_2 x2apic popcnt tsc_deadline_timer xsave lahf_lm arat epb xsaveopt pln pts dtherm
bogomips	: 3990.91
clflush size	: 64
cache_alignment	: 64
address sizes	: 36 bits physical, 48 bits virtual
power management:



Memory: 4k page, physical 4033768k(1278588k free), swap 3906556k(3906556k free)

vm_info: Java HotSpot(TM) Server VM (20.5-b03) for linux-x86 JRE (1.6.0_30-b12), built on Nov 10 2011 01:04:19 by "java_re" with gcc 3.2.1-7a (J2SE release)

time: Mon Feb  4 12:50:44 2013
elapsed time: 56 seconds

